<?xml version="1.0" encoding="UTF-8"?>
<testsuite xmlns:xsi="http://www.w3.org/2001/XMLSchema-instance" xsi:noNamespaceSchemaLocation="https://maven.apache.org/surefire/maven-surefire-plugin/xsd/surefire-test-report-3.0.xsd" version="3.0" name="org.zabalburu.seriesjpa.tmdb.modelo.ValoracionTest" time="0.015" tests="4" errors="0" skipped="0" failures="0">
  <properties>
[...]
</properties>
  <testcase name="testSetEstrellas" classname="org.zabalburu.seriesjpa.tmdb.modelo.ValoracionTest" time="0.005"/>
  <testcase name="noDeberiaPermitirEstrellasMenoresQueUno" classname="org.zabalburu.seriesjpa.tmdb.modelo.ValoracionTest" time="0.003"/>
  <testcase name="deberiaActualizarValoracion" classname="org.zabalburu.seriesjpa.tmdb.modelo.ValoracionTest" time="0.001"/>
  <testcase name="noDeberiaPermitirEstrellasMayoresQueCinco" classname="org.zabalburu.seriesjpa.tmdb.modelo.ValoracionTest" time="0.001"/>
</testsuite>